# JRE version: Java(TM) SE Runtime Environment (9.0+11) (build 9.0.4+11)
# Java VM: Java HotSpot(TM) 64-Bit Server VM (9.0.4+11, mixed mode, tiered, compressed oops, g1 gc, windows-amd64)
Heap:
 garbage-first heap   total 316416K, used 123827K [0x0000000700000000, 0x00000007001009a8, 0x00000007c0000000)
  region size 1024K, 8 young (8192K), 1 survivors (1024K)
 Metaspace       used 91559K, capacity 98231K, committed 98432K, reserved 1134592K
  class space    used 13066K, capacity 14199K, committed 14208K, reserved 1048576K
GC Heap History (10 events):
Event: 6343.162 GC heap before
{Heap before GC invocations=235 (full 6):
 garbage-first heap   total 316416K, used 177668K [0x0000000700000000, 0x00000007001009a8, 0x00000007c0000000)
  region size 1024K, 60 young (61440K), 1 survivors (1024K)
 Metaspace       used 91433K, capacity 98149K, committed 98176K, reserved 1132544K
  class space    used 13054K, capacity 14196K, committed 14208K, reserved 1048576K
}
Event: 6343.164 GC heap after
{Heap after GC invocations=236 (full 6):
 garbage-first heap   total 316416K, used 117252K [0x0000000700000000, 0x00000007001009a8, 0x00000007c0000000)
  region size 1024K, 1 young (1024K), 1 survivors (1024K)
 Metaspace       used 91433K, capacity 98149K, committed 98176K, reserved 1132544K
  class space    used 13054K, capacity 14196K, committed 14208K, reserved 1048576K
}
Event: 6343.299 GC heap before
{Heap before GC invocations=236 (full 6):
 garbage-first heap   total 316416K, used 177668K [0x0000000700000000, 0x00000007001009a8, 0x00000007c0000000)
  region size 1024K, 60 young (61440K), 1 survivors (1024K)
 Metaspace       used 91433K, capacity 98149K, committed 98176K, reserved 1132544K
  class space    used 13054K, capacity 14196K, committed 14208K, reserved 1048576K
}
Event: 6343.303 GC heap after
{Heap after GC invocations=237 (full 6):
 garbage-first heap   total 316416K, used 117282K [0x0000000700000000, 0x00000007001009a8, 0x00000007c0000000)
  region size 1024K, 1 young (1024K), 1 survivors (1024K)
 Metaspace       used 91433K, capacity 98149K, committed 98176K, reserved 1132544K
  class space    used 13054K, capacity 14196K, committed 14208K, reserved 1048576K
}
Event: 6343.501 GC heap before
{Heap before GC invocations=237 (full 6):
 garbage-first heap   total 316416K, used 177698K [0x0000000700000000, 0x00000007001009a8, 0x00000007c0000000)
  region size 1024K, 60 young (61440K), 1 survivors (1024K)
 Metaspace       used 91433K, capacity 98149K, committed 98176K, reserved 1132544K
  class space    used 13054K, capacity 14196K, committed 14208K, reserved 1048576K
}
Event: 6343.504 GC heap after
{Heap after GC invocations=238 (full 6):
 garbage-first heap   total 316416K, used 117303K [0x0000000700000000, 0x00000007001009a8, 0x00000007c0000000)
  region size 1024K, 1 young (1024K), 1 survivors (1024K)
 Metaspace       used 91433K, capacity 98149K, committed 98176K, reserved 1132544K
  class space    used 13054K, capacity 14196K, committed 14208K, reserved 1048576K
}
Event: 6343.658 GC heap before
{Heap before GC invocations=238 (full 6):
 garbage-first heap   total 316416K, used 177719K [0x0000000700000000, 0x00000007001009a8, 0x00000007c0000000)
  region size 1024K, 60 young (61440K), 1 survivors (1024K)
 Metaspace       used 91433K, capacity 98149K, committed 98176K, reserved 1132544K
  class space    used 13054K, capacity 14196K, committed 14208K, reserved 1048576K
}
Event: 6343.661 GC heap after
{Heap after GC invocations=239 (full 6):
 garbage-first heap   total 316416K, used 117318K [0x0000000700000000, 0x00000007001009a8, 0x00000007c0000000)
  region size 1024K, 1 young (1024K), 1 survivors (1024K)
 Metaspace       used 91433K, capacity 98149K, committed 98176K, reserved 1132544K
  class space    used 13054K, capacity 14196K, committed 14208K, reserved 1048576K
}
Event: 6346.040 GC heap before
{Heap before GC invocations=239 (full 6):
 garbage-first heap   total 316416K, used 177734K [0x0000000700000000, 0x00000007001009a8, 0x00000007c0000000)
  region size 1024K, 60 young (61440K), 1 survivors (1024K)
 Metaspace       used 91552K, capacity 98225K, committed 98432K, reserved 1134592K
  class space    used 13066K, capacity 14198K, committed 14208K, reserved 1048576K
}
Event: 6346.041 GC heap after
{Heap after GC invocations=240 (full 6):
 garbage-first heap   total 316416K, used 117683K [0x0000000700000000, 0x00000007001009a8, 0x00000007c0000000)
  region size 1024K, 1 young (1024K), 1 survivors (1024K)
 Metaspace       used 91552K, capacity 98225K, committed 98432K, reserved 1134592K
  class space    used 13066K, capacity 14198K, committed 14208K, reserved 1048576K
}

